<?xml version="1.0" encoding="UTF-8"?>
<!-- Generated by org.testng.reporters.JUnitReportReporter -->
<testsuite hostname="DESKTOP-032RF4C" failures="0" tests="4" name="com.test.TekarchAPITests" time="21.066" errors="0" timestamp="2022-06-09T14:16:35 PDT" skipped="0">
  <testcase classname="com.test.TekarchAPITests" name="createUsers" time="5.231"/>
  <system-out/>
  <testcase classname="com.test.TekarchAPITests" name="getUsers" time="7.574"/>
  <system-out/>
  <testcase classname="com.test.TekarchAPITests" name="updateUsers" time="5.215"/>
  <system-out/>
  <testcase classname="com.test.TekarchAPITests" name="deleteUsers" time="3.046"/>
  <system-out/>
</testsuite> <!-- com.test.TekarchAPITests -->
